{
  "stats": {
    "suites": 1,
    "tests": 2,
    "passes": 2,
    "pending": 0,
    "failures": 0,
    "start": "2023-02-22T07:57:47.101Z",
    "end": "2023-02-22T07:57:48.710Z",
    "duration": 1609,
    "testsRegistered": 2,
    "passPercent": 100,
    "pendingPercent": 0,
    "other": 0,
    "hasOther": false,
    "skipped": 0,
    "hasSkipped": false
  },
  "results": [
    {
      "uuid": "c792d334-6f56-4777-bf8d-5568d535bd61",
      "title": "",
      "fullFile": "/Users/silpianuruls/QA Portofolio/API-automation-test/test/api/chaiAssert.js",
      "file": "/test/api/chaiAssert.js",
      "beforeHooks": [],
      "afterHooks": [],
      "tests": [],
      "suites": [
        {
          "uuid": "fb82baf3-7a1d-4677-a871-ad0f3e38d692",
          "title": "Post Request Example",
          "fullFile": "/Users/silpianuruls/QA Portofolio/API-automation-test/test/api/chaiAssert.js",
          "file": "/test/api/chaiAssert.js",
          "beforeHooks": [],
          "afterHooks": [],
          "tests": [
            {
              "title": "response status equal to 200",
              "fullTitle": "Post Request Example response status equal to 200",
              "timedOut": false,
              "duration": 1602,
              "state": "passed",
              "speed": "slow",
              "pass": true,
              "fail": false,
              "pending": false,
              "context": null,
              "code": "expect((await response).status).to.equal(200)",
              "err": {},
              "uuid": "509202bc-7020-49c2-8a31-ed0da7fe9ff8",
              "parentUUID": "fb82baf3-7a1d-4677-a871-ad0f3e38d692",
              "isHook": false,
              "skipped": false
            },
            {
              "title": "response body to haveOwnProperty",
              "fullTitle": "Post Request Example response body to haveOwnProperty",
              "timedOut": false,
              "duration": 1,
              "state": "passed",
              "speed": "fast",
              "pass": true,
              "fail": false,
              "pending": false,
              "context": null,
              "code": "expect((await response).body).to.haveOwnProperty(`message`)\n// expect((await response).body).to.haveOwnProperty(`error for report`)",
              "err": {},
              "uuid": "9755d918-3ec7-4bc2-98fc-9942e0775e4e",
              "parentUUID": "fb82baf3-7a1d-4677-a871-ad0f3e38d692",
              "isHook": false,
              "skipped": false
            }
          ],
          "suites": [],
          "passes": [
            "509202bc-7020-49c2-8a31-ed0da7fe9ff8",
            "9755d918-3ec7-4bc2-98fc-9942e0775e4e"
          ],
          "failures": [],
          "pending": [],
          "skipped": [],
          "duration": 1603,
          "root": false,
          "rootEmpty": false,
          "_timeout": 2000
        }
      ],
      "passes": [],
      "failures": [],
      "pending": [],
      "skipped": [],
      "duration": 0,
      "root": true,
      "rootEmpty": true,
      "_timeout": 2000
    }
  ],
  "meta": {
    "mocha": {
      "version": "10.2.0"
    },
    "mochawesome": {
      "options": {
        "quiet": false,
        "reportFilename": "mochawesome",
        "saveHtml": true,
        "saveJson": true,
        "consoleReporter": "spec",
        "useInlineDiffs": false,
        "code": true
      },
      "version": "7.1.3"
    },
    "marge": {
      "options": null,
      "version": "6.2.0"
    }
  }
}